---------------------------------------------------------------
[ 2023-07-07T16:01:04+08:00 ] 0.0.0.0 POST localhost:81/index/upload
[运行时间：0.083248s] [吞吐率：12.01req/s] [内存消耗：3,011.65kb] [文件加载：119]
[ info ] [ BEHAVIOR ] Run Closure @app_init [ RunTime:0.003758s ]
[ info ] [ CACHE ] INIT File
[ info ] [ BEHAVIOR ] Run Closure @app_init [ RunTime:0.003326s ]
[ info ] [ LANG ] C:\w\frt_api\mdm-api\thinkphp\lang\zh-cn.php
[ info ] [ ROUTE ] array (
  'type' => 'module',
  'module' => 
  array (
    0 => 'index',
    1 => 'upload',
    2 => NULL,
  ),
)
[ info ] [ HEADER ] array (
  'cookie' => 'thinkphp_show_page_trace=0|0; PHPSESSID=eg3ci24v5o57i2gej4if2r9f2m; thinkphp_show_page_trace=0|0; think_var=zh-cn; Hm_lvt_21b2cac6df93cd8050371ae8bf479911=1688456898; Hm_lpvt_21b2cac6df93cd8050371ae8bf479911=1688462515',
  'accept-language' => 'en,en-US;q=0.9,en-PH;q=0.8,zh;q=0.7,zh-CN;q=0.6,zh-TW;q=0.5',
  'accept-encoding' => 'gzip, deflate, br',
  'referer' => 'http://localhost:81/upld.htm',
  'sec-fetch-dest' => 'document',
  'sec-fetch-user' => '?1',
  'sec-fetch-mode' => 'navigate',
  'sec-fetch-site' => 'same-origin',
  'accept' => 'text/html,application/xhtml+xml,application/xml;q=0.9,image/avif,image/webp,image/apng,*/*;q=0.8,application/signed-exchange;v=b3;q=0.7',
  'content-type' => 'multipart/form-data; boundary=----WebKitFormBoundaryGJpx5XpyDbSTFHeK',
  'origin' => 'http://localhost:81',
  'user-agent' => 'Mozilla/5.0 (Windows NT 10.0; Win64; x64) AppleWebKit/537.36 (KHTML, like Gecko) Chrome/114.0.0.0 Safari/537.36',
  'upgrade-insecure-requests' => '1',
  'sec-ch-ua-platform' => '"Windows"',
  'sec-ch-ua-mobile' => '?0',
  'sec-ch-ua' => '"Not.A/Brand";v="8", "Chromium";v="114", "Google Chrome";v="114"',
  'cache-control' => 'max-age=0',
  'content-length' => '60102',
  'connection' => 'close',
  'host' => 'localhost:81',
)
[ info ] [ PARAM ] array (
  '/index/upload' => '',
)
[ info ] [ LANG ] C:\w\frt_api\mdm-api\public/../application/index\lang\zh-cn.php
[ info ] [ BEHAVIOR ] Run app\common\behavior\Common @module_init [ RunTime:0.001999s ]
[ info ] [ LOG ] INIT File
---------------------------------------------------------------
[ 2023-07-07T16:01:39+08:00 ] 0.0.0.0 POST localhost:81/index/upload
[运行时间：0.059432s] [吞吐率：16.83req/s] [内存消耗：4,285.16kb] [文件加载：125]
[ info ] [ BEHAVIOR ] Run Closure @app_init [ RunTime:0.000034s ]
[ info ] [ CACHE ] INIT File
[ info ] [ BEHAVIOR ] Run Closure @app_init [ RunTime:0.002526s ]
[ info ] [ LANG ] C:\w\frt_api\mdm-api\thinkphp\lang\zh-cn.php
[ info ] [ ROUTE ] array (
  'type' => 'module',
  'module' => 
  array (
    0 => 'api',
    1 => 'index',
    2 => 'upload',
  ),
)
[ info ] [ HEADER ] array (
  'cookie' => 'thinkphp_show_page_trace=0|0; PHPSESSID=eg3ci24v5o57i2gej4if2r9f2m; thinkphp_show_page_trace=0|0; think_var=zh-cn; Hm_lvt_21b2cac6df93cd8050371ae8bf479911=1688456898; Hm_lpvt_21b2cac6df93cd8050371ae8bf479911=1688462515',
  'accept-language' => 'en,en-US;q=0.9,en-PH;q=0.8,zh;q=0.7,zh-CN;q=0.6,zh-TW;q=0.5',
  'accept-encoding' => 'gzip, deflate, br',
  'referer' => 'http://localhost:81/upld.htm',
  'sec-fetch-dest' => 'document',
  'sec-fetch-user' => '?1',
  'sec-fetch-mode' => 'navigate',
  'sec-fetch-site' => 'same-origin',
  'accept' => 'text/html,application/xhtml+xml,application/xml;q=0.9,image/avif,image/webp,image/apng,*/*;q=0.8,application/signed-exchange;v=b3;q=0.7',
  'content-type' => 'multipart/form-data; boundary=----WebKitFormBoundaryGJpx5XpyDbSTFHeK',
  'origin' => 'http://localhost:81',
  'user-agent' => 'Mozilla/5.0 (Windows NT 10.0; Win64; x64) AppleWebKit/537.36 (KHTML, like Gecko) Chrome/114.0.0.0 Safari/537.36',
  'upgrade-insecure-requests' => '1',
  'sec-ch-ua-platform' => '"Windows"',
  'sec-ch-ua-mobile' => '?0',
  'sec-ch-ua' => '"Not.A/Brand";v="8", "Chromium";v="114", "Google Chrome";v="114"',
  'cache-control' => 'max-age=0',
  'content-length' => '60102',
  'connection' => 'close',
  'host' => 'localhost:81',
)
[ info ] [ PARAM ] array (
)
[ info ] [ LANG ] C:\w\frt_api\mdm-api\public/../application/api\lang\zh-cn.php
[ info ] [ BEHAVIOR ] Run app\common\behavior\Common @module_init [ RunTime:0.001365s ]
[ info ] [ RUN ] app\api\controller\Index->upload[ C:\w\frt_api\mdm-api\application\api\controller\Index.php ]
[ info ] [ LOG ] INIT File
---------------------------------------------------------------
[ 2023-07-07T16:02:04+08:00 ] 0.0.0.0 POST localhost:81/index/upload
[运行时间：0.064169s] [吞吐率：15.58req/s] [内存消耗：4,284.91kb] [文件加载：125]
[ info ] [ BEHAVIOR ] Run Closure @app_init [ RunTime:0.000050s ]
[ info ] [ CACHE ] INIT File
[ info ] [ BEHAVIOR ] Run Closure @app_init [ RunTime:0.002505s ]
[ info ] [ LANG ] C:\w\frt_api\mdm-api\thinkphp\lang\zh-cn.php
[ info ] [ ROUTE ] array (
  'type' => 'module',
  'module' => 
  array (
    0 => 'api',
    1 => 'index',
    2 => 'upload',
  ),
)
[ info ] [ HEADER ] array (
  'cookie' => 'thinkphp_show_page_trace=0|0; PHPSESSID=eg3ci24v5o57i2gej4if2r9f2m; thinkphp_show_page_trace=0|0; think_var=zh-cn; Hm_lvt_21b2cac6df93cd8050371ae8bf479911=1688456898; Hm_lpvt_21b2cac6df93cd8050371ae8bf479911=1688462515',
  'accept-language' => 'en,en-US;q=0.9,en-PH;q=0.8,zh;q=0.7,zh-CN;q=0.6,zh-TW;q=0.5',
  'accept-encoding' => 'gzip, deflate, br',
  'referer' => 'http://localhost:81/upld.htm',
  'sec-fetch-dest' => 'document',
  'sec-fetch-user' => '?1',
  'sec-fetch-mode' => 'navigate',
  'sec-fetch-site' => 'same-origin',
  'accept' => 'text/html,application/xhtml+xml,application/xml;q=0.9,image/avif,image/webp,image/apng,*/*;q=0.8,application/signed-exchange;v=b3;q=0.7',
  'content-type' => 'multipart/form-data; boundary=----WebKitFormBoundaryGJpx5XpyDbSTFHeK',
  'origin' => 'http://localhost:81',
  'user-agent' => 'Mozilla/5.0 (Windows NT 10.0; Win64; x64) AppleWebKit/537.36 (KHTML, like Gecko) Chrome/114.0.0.0 Safari/537.36',
  'upgrade-insecure-requests' => '1',
  'sec-ch-ua-platform' => '"Windows"',
  'sec-ch-ua-mobile' => '?0',
  'sec-ch-ua' => '"Not.A/Brand";v="8", "Chromium";v="114", "Google Chrome";v="114"',
  'cache-control' => 'max-age=0',
  'content-length' => '60102',
  'connection' => 'close',
  'host' => 'localhost:81',
)
[ info ] [ PARAM ] array (
)
[ info ] [ LANG ] C:\w\frt_api\mdm-api\public/../application/api\lang\zh-cn.php
[ info ] [ BEHAVIOR ] Run app\common\behavior\Common @module_init [ RunTime:0.001450s ]
[ info ] [ RUN ] app\api\controller\Index->upload[ C:\w\frt_api\mdm-api\application\api\controller\Index.php ]
[ info ] [ LOG ] INIT File
---------------------------------------------------------------
[ 2023-07-07T16:12:19+08:00 ] 0.0.0.0 POST localhost:81/index/upload
[运行时间：0.067828s] [吞吐率：14.74req/s] [内存消耗：4,205.79kb] [文件加载：121]
[ info ] [ BEHAVIOR ] Run Closure @app_init [ RunTime:0.000038s ]
[ info ] [ CACHE ] INIT File
[ info ] [ BEHAVIOR ] Run Closure @app_init [ RunTime:0.002603s ]
[ info ] [ LANG ] C:\w\frt_api\mdm-api\thinkphp\lang\zh-cn.php
[ info ] [ ROUTE ] array (
  'type' => 'module',
  'module' => 
  array (
    0 => 'api',
    1 => 'index',
    2 => 'upload',
  ),
)
[ info ] [ HEADER ] array (
  'cookie' => 'thinkphp_show_page_trace=0|0; PHPSESSID=eg3ci24v5o57i2gej4if2r9f2m; thinkphp_show_page_trace=0|0; think_var=zh-cn; Hm_lvt_21b2cac6df93cd8050371ae8bf479911=1688456898; Hm_lpvt_21b2cac6df93cd8050371ae8bf479911=1688462515',
  'accept-language' => 'en,en-US;q=0.9,en-PH;q=0.8,zh;q=0.7,zh-CN;q=0.6,zh-TW;q=0.5',
  'accept-encoding' => 'gzip, deflate, br',
  'referer' => 'http://localhost:81/upld.htm',
  'sec-fetch-dest' => 'document',
  'sec-fetch-user' => '?1',
  'sec-fetch-mode' => 'navigate',
  'sec-fetch-site' => 'same-origin',
  'accept' => 'text/html,application/xhtml+xml,application/xml;q=0.9,image/avif,image/webp,image/apng,*/*;q=0.8,application/signed-exchange;v=b3;q=0.7',
  'content-type' => 'multipart/form-data; boundary=----WebKitFormBoundaryGJpx5XpyDbSTFHeK',
  'origin' => 'http://localhost:81',
  'user-agent' => 'Mozilla/5.0 (Windows NT 10.0; Win64; x64) AppleWebKit/537.36 (KHTML, like Gecko) Chrome/114.0.0.0 Safari/537.36',
  'upgrade-insecure-requests' => '1',
  'sec-ch-ua-platform' => '"Windows"',
  'sec-ch-ua-mobile' => '?0',
  'sec-ch-ua' => '"Not.A/Brand";v="8", "Chromium";v="114", "Google Chrome";v="114"',
  'cache-control' => 'max-age=0',
  'content-length' => '60102',
  'connection' => 'close',
  'host' => 'localhost:81',
)
[ info ] [ PARAM ] array (
)
[ info ] [ LANG ] C:\w\frt_api\mdm-api\public/../application/api\lang\zh-cn.php
[ info ] [ BEHAVIOR ] Run app\common\behavior\Common @module_init [ RunTime:0.001913s ]
[ info ] [ RUN ] app\api\controller\Index->upload[ C:\w\frt_api\mdm-api\application\api\controller\Index.php ]
[ info ] [ LOG ] INIT File
---------------------------------------------------------------
[ 2023-07-07T16:13:36+08:00 ] 0.0.0.0 POST localhost:81/index/upload
[运行时间：0.051437s] [吞吐率：19.44req/s] [内存消耗：4,284.96kb] [文件加载：125]
[ info ] [ BEHAVIOR ] Run Closure @app_init [ RunTime:0.000031s ]
[ info ] [ CACHE ] INIT File
[ info ] [ BEHAVIOR ] Run Closure @app_init [ RunTime:0.002294s ]
[ info ] [ LANG ] C:\w\frt_api\mdm-api\thinkphp\lang\zh-cn.php
[ info ] [ ROUTE ] array (
  'type' => 'module',
  'module' => 
  array (
    0 => 'api',
    1 => 'index',
    2 => 'upload',
  ),
)
[ info ] [ HEADER ] array (
  'cookie' => 'thinkphp_show_page_trace=0|0; PHPSESSID=eg3ci24v5o57i2gej4if2r9f2m; thinkphp_show_page_trace=0|0; think_var=zh-cn; Hm_lvt_21b2cac6df93cd8050371ae8bf479911=1688456898; Hm_lpvt_21b2cac6df93cd8050371ae8bf479911=1688462515',
  'accept-language' => 'en,en-US;q=0.9,en-PH;q=0.8,zh;q=0.7,zh-CN;q=0.6,zh-TW;q=0.5',
  'accept-encoding' => 'gzip, deflate, br',
  'referer' => 'http://localhost:81/upld.htm',
  'sec-fetch-dest' => 'document',
  'sec-fetch-user' => '?1',
  'sec-fetch-mode' => 'navigate',
  'sec-fetch-site' => 'same-origin',
  'accept' => 'text/html,application/xhtml+xml,application/xml;q=0.9,image/avif,image/webp,image/apng,*/*;q=0.8,application/signed-exchange;v=b3;q=0.7',
  'content-type' => 'multipart/form-data; boundary=----WebKitFormBoundaryGJpx5XpyDbSTFHeK',
  'origin' => 'http://localhost:81',
  'user-agent' => 'Mozilla/5.0 (Windows NT 10.0; Win64; x64) AppleWebKit/537.36 (KHTML, like Gecko) Chrome/114.0.0.0 Safari/537.36',
  'upgrade-insecure-requests' => '1',
  'sec-ch-ua-platform' => '"Windows"',
  'sec-ch-ua-mobile' => '?0',
  'sec-ch-ua' => '"Not.A/Brand";v="8", "Chromium";v="114", "Google Chrome";v="114"',
  'cache-control' => 'max-age=0',
  'content-length' => '60102',
  'connection' => 'close',
  'host' => 'localhost:81',
)
[ info ] [ PARAM ] array (
)
[ info ] [ LANG ] C:\w\frt_api\mdm-api\public/../application/api\lang\zh-cn.php
[ info ] [ BEHAVIOR ] Run app\common\behavior\Common @module_init [ RunTime:0.002006s ]
[ info ] [ RUN ] app\api\controller\Index->upload[ C:\w\frt_api\mdm-api\application\api\controller\Index.php ]
[ info ] [ LOG ] INIT File
---------------------------------------------------------------
[ 2023-07-07T16:13:58+08:00 ] 0.0.0.0 POST localhost:81/index/upload
[运行时间：0.051030s] [吞吐率：19.60req/s] [内存消耗：4,205.84kb] [文件加载：121]
[ info ] [ BEHAVIOR ] Run Closure @app_init [ RunTime:0.000030s ]
[ info ] [ CACHE ] INIT File
[ info ] [ BEHAVIOR ] Run Closure @app_init [ RunTime:0.001967s ]
[ info ] [ LANG ] C:\w\frt_api\mdm-api\thinkphp\lang\zh-cn.php
[ info ] [ ROUTE ] array (
  'type' => 'module',
  'module' => 
  array (
    0 => 'api',
    1 => 'index',
    2 => 'upload',
  ),
)
[ info ] [ HEADER ] array (
  'cookie' => 'thinkphp_show_page_trace=0|0; PHPSESSID=eg3ci24v5o57i2gej4if2r9f2m; thinkphp_show_page_trace=0|0; think_var=zh-cn; Hm_lvt_21b2cac6df93cd8050371ae8bf479911=1688456898; Hm_lpvt_21b2cac6df93cd8050371ae8bf479911=1688462515',
  'accept-language' => 'en,en-US;q=0.9,en-PH;q=0.8,zh;q=0.7,zh-CN;q=0.6,zh-TW;q=0.5',
  'accept-encoding' => 'gzip, deflate, br',
  'referer' => 'http://localhost:81/upld.htm',
  'sec-fetch-dest' => 'document',
  'sec-fetch-user' => '?1',
  'sec-fetch-mode' => 'navigate',
  'sec-fetch-site' => 'same-origin',
  'accept' => 'text/html,application/xhtml+xml,application/xml;q=0.9,image/avif,image/webp,image/apng,*/*;q=0.8,application/signed-exchange;v=b3;q=0.7',
  'user-agent' => 'Mozilla/5.0 (Windows NT 10.0; Win64; x64) AppleWebKit/537.36 (KHTML, like Gecko) Chrome/114.0.0.0 Safari/537.36',
  'content-type' => 'multipart/form-data; boundary=----WebKitFormBoundarygHwhb9K56EtBKh8N',
  'origin' => 'http://localhost:81',
  'upgrade-insecure-requests' => '1',
  'sec-ch-ua-platform' => '"Windows"',
  'sec-ch-ua-mobile' => '?0',
  'sec-ch-ua' => '"Not.A/Brand";v="8", "Chromium";v="114", "Google Chrome";v="114"',
  'cache-control' => 'max-age=0',
  'content-length' => '1273',
  'connection' => 'close',
  'host' => 'localhost:81',
)
[ info ] [ PARAM ] array (
)
[ info ] [ LANG ] C:\w\frt_api\mdm-api\public/../application/api\lang\zh-cn.php
[ info ] [ BEHAVIOR ] Run app\common\behavior\Common @module_init [ RunTime:0.002382s ]
[ info ] [ RUN ] app\api\controller\Index->upload[ C:\w\frt_api\mdm-api\application\api\controller\Index.php ]
[ info ] [ LOG ] INIT File
---------------------------------------------------------------
[ 2023-07-07T16:20:50+08:00 ] 0.0.0.0 POST localhost:81/index/upload
[运行时间：0.057917s] [吞吐率：17.27req/s] [内存消耗：4,205.84kb] [文件加载：121]
[ info ] [ BEHAVIOR ] Run Closure @app_init [ RunTime:0.000033s ]
[ info ] [ CACHE ] INIT File
[ info ] [ BEHAVIOR ] Run Closure @app_init [ RunTime:0.002217s ]
[ info ] [ LANG ] C:\w\frt_api\mdm-api\thinkphp\lang\zh-cn.php
[ info ] [ ROUTE ] array (
  'type' => 'module',
  'module' => 
  array (
    0 => 'api',
    1 => 'index',
    2 => 'upload',
  ),
)
[ info ] [ HEADER ] array (
  'cookie' => 'thinkphp_show_page_trace=0|0; PHPSESSID=eg3ci24v5o57i2gej4if2r9f2m; thinkphp_show_page_trace=0|0; think_var=zh-cn; Hm_lvt_21b2cac6df93cd8050371ae8bf479911=1688456898; Hm_lpvt_21b2cac6df93cd8050371ae8bf479911=1688462515',
  'accept-language' => 'en,en-US;q=0.9,en-PH;q=0.8,zh;q=0.7,zh-CN;q=0.6,zh-TW;q=0.5',
  'accept-encoding' => 'gzip, deflate, br',
  'referer' => 'http://localhost:81/upld.htm',
  'sec-fetch-dest' => 'document',
  'sec-fetch-user' => '?1',
  'sec-fetch-mode' => 'navigate',
  'sec-fetch-site' => 'same-origin',
  'accept' => 'text/html,application/xhtml+xml,application/xml;q=0.9,image/avif,image/webp,image/apng,*/*;q=0.8,application/signed-exchange;v=b3;q=0.7',
  'user-agent' => 'Mozilla/5.0 (Windows NT 10.0; Win64; x64) AppleWebKit/537.36 (KHTML, like Gecko) Chrome/114.0.0.0 Safari/537.36',
  'content-type' => 'multipart/form-data; boundary=----WebKitFormBoundaryGVwOswFATAzz8qy2',
  'origin' => 'http://localhost:81',
  'upgrade-insecure-requests' => '1',
  'sec-ch-ua-platform' => '"Windows"',
  'sec-ch-ua-mobile' => '?0',
  'sec-ch-ua' => '"Not.A/Brand";v="8", "Chromium";v="114", "Google Chrome";v="114"',
  'cache-control' => 'max-age=0',
  'content-length' => '1273',
  'connection' => 'close',
  'host' => 'localhost:81',
)
[ info ] [ PARAM ] array (
)
[ info ] [ LANG ] C:\w\frt_api\mdm-api\public/../application/api\lang\zh-cn.php
[ info ] [ BEHAVIOR ] Run app\common\behavior\Common @module_init [ RunTime:0.001510s ]
[ info ] [ RUN ] app\api\controller\Index->upload[ C:\w\frt_api\mdm-api\application\api\controller\Index.php ]
[ info ] [ LOG ] INIT File
